<?xml version="1.0" encoding="UTF-8"?>
<!-- Generated by org.testng.reporters.JUnitXMLReporter -->
<testsuite ignored="0" hostname="user" failures="0" tests="5" name="Basic Test" time="40.956" errors="0" timestamp="2025-11-14T22:15:39 WIB">
  <testcase classname="com.juaracoding.swaglabs.LoginTest" name="loginSuccessWithValidCredentialTest" time="9.718"/>
  <testcase classname="com.juaracoding.swaglabs.LoginTest" name="loginFailedWithInvalidUsernameTest" time="8.436"/>
  <testcase classname="com.juaracoding.swaglabs.LoginTest" name="loginFailedWithInvalidPasswordTest" time="7.988"/>
  <testcase classname="com.juaracoding.swaglabs.LoginTest" name="loginFailedWithPasswordUsernameBlankTest" time="5.897"/>
  <testcase classname="com.juaracoding.swaglabs.LoginTest" name="loginFailedWithPasswordTBlankTest" time="8.89"/>
</testsuite> <!-- Basic Test -->
