<?xml version="1.0" encoding="UTF-8"?>
<!-- Generated by org.testng.reporters.JUnitXMLReporter -->
<testsuite ignored="0" hostname="user" failures="2" tests="5" name="Basic Test" time="43.723" errors="0" timestamp="2025-11-14T22:12:28 WIB">
  <testcase classname="com.juaracoding.swaglabs.LoginTest" name="loginSuccessWithValidCredentialTest" time="9.972"/>
  <testcase classname="com.juaracoding.swaglabs.LoginTest" name="loginFailedWithInvalidUsernameTest" time="9.176"/>
  <testcase classname="com.juaracoding.swaglabs.LoginTest" name="loginFailedWithInvalidPasswordTest" time="9.874"/>
  <testcase classname="com.juaracoding.swaglabs.LoginTest" name="loginFailedWithPasswordUsernameBlankTest" time="5.075">
    <failure type="java.lang.AssertionError" message="expected [Epic sadface: Password is required] but found [Epic sadface: Username is required]">
      <![CDATA[java.lang.AssertionError: expected [Epic sadface: Password is required] but found [Epic sadface: Username is required]
at com.juaracoding.swaglabs.LoginTest.loginFailedWithPasswordUsernameBlankTest(LoginTest.java:96)
at java.base/java.util.ArrayList.forEach(ArrayList.java:1596)
... Removed 35 stack frames]]>
    </failure>
  </testcase> <!-- loginFailedWithPasswordUsernameBlankTest -->
  <testcase classname="com.juaracoding.swaglabs.LoginTest" name="loginFailedWithPasswordTBlankTest" time="9.591">
    <failure type="java.lang.AssertionError" message="expected [Epic sadface: Username and password do not match any user in this service] but found [Epic sadface: Password is required]">
      <![CDATA[java.lang.AssertionError: expected [Epic sadface: Username and password do not match any user in this service] but found [Epic sadface: Password is required]
at com.juaracoding.swaglabs.LoginTest.loginFailedWithPasswordTBlankTest(LoginTest.java:120)
at java.base/java.util.ArrayList.forEach(ArrayList.java:1596)
... Removed 35 stack frames]]>
    </failure>
  </testcase> <!-- loginFailedWithPasswordTBlankTest -->
</testsuite> <!-- Basic Test -->
