<?xml version="1.0" encoding="UTF-8"?>
<!-- Generated by org.testng.reporters.JUnitXMLReporter -->
<testsuite ignored="0" hostname="user" failures="0" tests="2" name="Basic Test" time="17.711" errors="0" timestamp="2025-11-14T19:49:58 WIB">
  <testcase classname="com.juaracoding.swaglabs.LoginTest" name="loginSuccessWithValidCredentialTest" time="9.329"/>
  <testcase classname="com.juaracoding.swaglabs.LoginTest" name="loginFailedWithInvalidUsernameTest" time="8.355"/>
</testsuite> <!-- Basic Test -->
