<?xml version="1.0" encoding="UTF-8"?>
<testng-results ignored="0" total="2" passed="2" failed="0" skipped="0">
  <reporter-output>
  </reporter-output>
  <suite started-at="2025-11-14T19:49:41 WIB" name="Java Testing" finished-at="2025-11-14T19:49:58 WIB" duration-ms="17711">
    <groups>
    </groups>
    <test started-at="2025-11-14T19:49:41 WIB" name="Basic Test" finished-at="2025-11-14T19:49:58 WIB" duration-ms="17711">
      <class name="com.juaracoding.swaglabs.LoginTest">
        <test-method signature="loginSuccessWithValidCredentialTest(java.lang.String,java.lang.String)[pri:1, instance:com.juaracoding.swaglabs.LoginTest@149e0f5d]" started-at="2025-11-14T19:49:41 WIB" name="loginSuccessWithValidCredentialTest" finished-at="2025-11-14T19:49:50 WIB" duration-ms="9329" status="PASS">
          <params>
            <param index="0">
              <value>
                <![CDATA[standard_user]]>
              </value>
            </param>
            <param index="1">
              <value>
                <![CDATA[secret_sauce]]>
              </value>
            </param>
          </params>
          <reporter-output>
          </reporter-output>
        </test-method> <!-- loginSuccessWithValidCredentialTest -->
        <test-method signature="loginFailedWithInvalidUsernameTest(java.lang.String,java.lang.String)[pri:2, instance:com.juaracoding.swaglabs.LoginTest@149e0f5d]" started-at="2025-11-14T19:49:50 WIB" name="loginFailedWithInvalidUsernameTest" finished-at="2025-11-14T19:49:58 WIB" duration-ms="8355" status="PASS">
          <params>
            <param index="0">
              <value>
                <![CDATA[invalid_user]]>
              </value>
            </param>
            <param index="1">
              <value>
                <![CDATA[secret_sauce]]>
              </value>
            </param>
          </params>
          <reporter-output>
          </reporter-output>
        </test-method> <!-- loginFailedWithInvalidUsernameTest -->
      </class> <!-- com.juaracoding.swaglabs.LoginTest -->
    </test> <!-- Basic Test -->
  </suite> <!-- Java Testing -->
</testng-results>
