<?xml version="1.0" encoding="UTF-8"?>
<testng-results ignored="0" total="5" passed="5" failed="0" skipped="0">
  <reporter-output>
  </reporter-output>
  <suite started-at="2025-11-14T22:14:58 WIB" name="Java Testing" finished-at="2025-11-14T22:15:39 WIB" duration-ms="40956">
    <groups>
    </groups>
    <test started-at="2025-11-14T22:14:58 WIB" name="Basic Test" finished-at="2025-11-14T22:15:39 WIB" duration-ms="40956">
      <class name="com.juaracoding.swaglabs.LoginTest">
        <test-method signature="loginSuccessWithValidCredentialTest(java.lang.String,java.lang.String)[pri:1, instance:com.juaracoding.swaglabs.LoginTest@7880cdf3]" started-at="2025-11-14T22:14:58 WIB" name="loginSuccessWithValidCredentialTest" finished-at="2025-11-14T22:15:08 WIB" duration-ms="9718" status="PASS">
          <params>
            <param index="0">
              <value>
                <![CDATA[standard_user]]>
              </value>
            </param>
            <param index="1">
              <value>
                <![CDATA[secret_sauce]]>
              </value>
            </param>
          </params>
          <reporter-output>
          </reporter-output>
        </test-method> <!-- loginSuccessWithValidCredentialTest -->
        <test-method signature="loginFailedWithInvalidUsernameTest(java.lang.String,java.lang.String)[pri:2, instance:com.juaracoding.swaglabs.LoginTest@7880cdf3]" started-at="2025-11-14T22:15:08 WIB" name="loginFailedWithInvalidUsernameTest" finished-at="2025-11-14T22:15:17 WIB" duration-ms="8436" status="PASS">
          <params>
            <param index="0">
              <value>
                <![CDATA[invalid_user]]>
              </value>
            </param>
            <param index="1">
              <value>
                <![CDATA[secret_sauce]]>
              </value>
            </param>
          </params>
          <reporter-output>
          </reporter-output>
        </test-method> <!-- loginFailedWithInvalidUsernameTest -->
        <test-method signature="loginFailedWithInvalidPasswordTest(java.lang.String,java.lang.String)[pri:3, instance:com.juaracoding.swaglabs.LoginTest@7880cdf3]" started-at="2025-11-14T22:15:17 WIB" name="loginFailedWithInvalidPasswordTest" finished-at="2025-11-14T22:15:25 WIB" duration-ms="7988" status="PASS">
          <params>
            <param index="0">
              <value>
                <![CDATA[standard_user]]>
              </value>
            </param>
            <param index="1">
              <value>
                <![CDATA[invalid_password]]>
              </value>
            </param>
          </params>
          <reporter-output>
          </reporter-output>
        </test-method> <!-- loginFailedWithInvalidPasswordTest -->
        <test-method signature="loginFailedWithPasswordUsernameBlankTest()[pri:4, instance:com.juaracoding.swaglabs.LoginTest@7880cdf3]" started-at="2025-11-14T22:15:25 WIB" name="loginFailedWithPasswordUsernameBlankTest" finished-at="2025-11-14T22:15:30 WIB" duration-ms="5897" status="PASS">
          <reporter-output>
          </reporter-output>
        </test-method> <!-- loginFailedWithPasswordUsernameBlankTest -->
        <test-method signature="loginFailedWithPasswordTBlankTest(java.lang.String)[pri:5, instance:com.juaracoding.swaglabs.LoginTest@7880cdf3]" started-at="2025-11-14T22:15:30 WIB" name="loginFailedWithPasswordTBlankTest" finished-at="2025-11-14T22:15:39 WIB" duration-ms="8890" status="PASS">
          <params>
            <param index="0">
              <value>
                <![CDATA[standard_user]]>
              </value>
            </param>
          </params>
          <reporter-output>
          </reporter-output>
        </test-method> <!-- loginFailedWithPasswordTBlankTest -->
      </class> <!-- com.juaracoding.swaglabs.LoginTest -->
    </test> <!-- Basic Test -->
  </suite> <!-- Java Testing -->
</testng-results>
