<?xml version="1.0" encoding="UTF-8"?>
<!-- Generated by org.testng.reporters.JUnitReportReporter -->
<testsuite hostname="user" failures="0" tests="2" name="com.juaracoding.swaglabs.LoginTest" time="17.684" errors="0" timestamp="2025-11-14T19:49:58 WIB" skipped="0">
  <testcase classname="com.juaracoding.swaglabs.LoginTest" name="loginSuccessWithValidCredentialTest" time="9.329"/>
  <testcase classname="com.juaracoding.swaglabs.LoginTest" name="loginFailedWithInvalidUsernameTest" time="8.355"/>
</testsuite> <!-- com.juaracoding.swaglabs.LoginTest -->
